<?xml version="1.0" encoding="UTF-8"?>
<!-- Generated by org.testng.reporters.JUnitReportReporter -->
<testsuite hostname="DESKTOP-U33MU1L" failures="0" tests="1" name="testNGTestCases.TestAutomationPractice" time="0.270" errors="0" timestamp="2024-06-06T19:07:13 IST" skipped="0">
  <testcase classname="testNGTestCases.TestAutomationPractice" name="f" time="0.270"/>
  <system-out/>
</testsuite> <!-- testNGTestCases.TestAutomationPractice -->
