<?xml version="1.0" encoding="UTF-8"?>
<!-- Generated by org.testng.reporters.JUnitReportReporter -->
<testsuite hostname="DESKTOP-U33MU1L" failures="0" tests="1" name="testNGTestCases.checkBoxTC" time="0.000" errors="0" timestamp="2024-06-10T16:24:49 IST" skipped="1">
  <testcase classname="testNGTestCases.checkBoxTC" name="checkBox1" time="0.000">
    <skipped/>
  </testcase> <!-- checkBox1 -->
  <system-out/>
</testsuite> <!-- testNGTestCases.checkBoxTC -->
