<?xml version="1.0" encoding="UTF-8"?>
<!-- Generated by org.testng.reporters.JUnitReportReporter -->
<testsuite hostname="DESKTOP-U33MU1L" failures="0" tests="2" name="testNGTestCases.AllAnnotations" time="0.015" errors="0" timestamp="2024-06-10T20:58:33 IST" skipped="0">
  <testcase classname="testNGTestCases.AllAnnotations" name="g" time="0.005"/>
  <system-out/>
  <testcase classname="testNGTestCases.AllAnnotations" name="f" time="0.010"/>
  <system-out/>
</testsuite> <!-- testNGTestCases.AllAnnotations -->
