<?xml version="1.0" encoding="UTF-8"?>
<!-- Generated by org.testng.reporters.JUnitReportReporter -->
<testsuite hostname="DESKTOP-U33MU1L" failures="0" tests="2" name="testNGTestCases.EnterValue" time="0.015" errors="0" timestamp="2024-06-10T21:26:12 IST" skipped="0">
  <testcase classname="testNGTestCases.EnterValue" name="f" time="0.001"/>
  <system-out/>
  <testcase classname="testNGTestCases.EnterValue" name="f" time="0.014"/>
  <system-out/>
</testsuite> <!-- testNGTestCases.EnterValue -->
