<?xml version="1.0" encoding="UTF-8"?>
<!-- Generated by org.testng.reporters.JUnitReportReporter -->
<testsuite hostname="DESKTOP-U33MU1L" failures="0" tests="1" name="testNGTestCases.OrangeHRMLoginTC" time="2.645" errors="0" timestamp="2024-06-10T11:16:57 IST" skipped="0">
  <testcase classname="testNGTestCases.OrangeHRMLoginTC" name="f" time="2.645"/>
  <system-out/>
</testsuite> <!-- testNGTestCases.OrangeHRMLoginTC -->
